android/app/build/intermediates/manifest_merge_blame_file/release/manifest-merger-blame-release-report.txt
1<?xml version="1.0" encoding="utf-8"?>
2<manifest xmlns:android="http://schemas.android.com/apk/res/android"
3    package="com.social.socialapp"
4    android:versionCode="1"
5    android:versionName="1.0.0" >
6
7    <uses-sdk
8        android:minSdkVersion="21"
8-->src\main\AndroidManifest.xml
9        android:targetSdkVersion="30" />
9-->src\main\AndroidManifest.xml
10
11    <uses-permission android:name="android.permission.INTERNET" />
11-->src\main\AndroidManifest.xml:2:3-64
11-->src\main\AndroidManifest.xml:2:20-62
12    <uses-permission android:name="android.permission.READ_EXTERNAL_STORAGE" />
12-->src\main\AndroidManifest.xml:3:3-77
12-->src\main\AndroidManifest.xml:3:20-75
13    <uses-permission android:name="android.permission.SYSTEM_ALERT_WINDOW" />
13-->src\main\AndroidManifest.xml:4:3-75
13-->src\main\AndroidManifest.xml:4:20-73
14    <uses-permission android:name="android.permission.VIBRATE" />
14-->src\main\AndroidManifest.xml:5:3-63
14-->src\main\AndroidManifest.xml:5:20-61
15    <uses-permission android:name="android.permission.WRITE_EXTERNAL_STORAGE" />
15-->src\main\AndroidManifest.xml:6:3-78
15-->src\main\AndroidManifest.xml:6:20-76
16    <uses-permission android:name="android.permission.CAMERA" />
16-->src\main\AndroidManifest.xml:7:3-63
16-->src\main\AndroidManifest.xml:7:20-60
17
18    <queries>
18-->src\main\AndroidManifest.xml:8:3-14:13
19        <intent>
19-->src\main\AndroidManifest.xml:9:5-13:14
20            <action android:name="android.intent.action.VIEW" />
20-->src\main\AndroidManifest.xml:10:7-58
20-->src\main\AndroidManifest.xml:10:15-56
21
22            <category android:name="android.intent.category.BROWSABLE" />
22-->src\main\AndroidManifest.xml:11:7-67
22-->src\main\AndroidManifest.xml:11:17-65
23
24            <data android:scheme="https" />
24-->src\main\AndroidManifest.xml:12:7-37
24-->src\main\AndroidManifest.xml:12:13-35
25        </intent>
26        <intent>
26-->[:react-native-image-crop-picker] AndroidManifest.xml:11:9-13:18
27            <action android:name="android.media.action.IMAGE_CAPTURE" />
27-->[:react-native-image-crop-picker] AndroidManifest.xml:12:13-73
27-->[:react-native-image-crop-picker] AndroidManifest.xml:12:21-70
28        </intent> <!-- Query open documents -->
29        <intent>
29-->[:expo-file-system] AndroidManifest.xml:19:9-21:18
30            <action android:name="android.intent.action.OPEN_DOCUMENT_TREE" />
30-->[:expo-file-system] AndroidManifest.xml:20:13-79
30-->[:expo-file-system] AndroidManifest.xml:20:21-76
31        </intent>
32    </queries>
33
34    <uses-permission android:name="android.permission.WAKE_LOCK" />
34-->[:react-native-firebase_auth] AndroidManifest.xml:12:5-68
34-->[:react-native-firebase_auth] AndroidManifest.xml:12:22-65
35    <uses-permission android:name="android.permission.ACCESS_NETWORK_STATE" />
35-->[:react-native-firebase_auth] AndroidManifest.xml:13:5-79
35-->[:react-native-firebase_auth] AndroidManifest.xml:13:22-76
36    <uses-permission android:name="com.google.android.finsky.permission.BIND_GET_INSTALL_REFERRER_SERVICE" />
36-->[com.android.installreferrer:installreferrer:1.0] AndroidManifest.xml:9:5-110
36-->[com.android.installreferrer:installreferrer:1.0] AndroidManifest.xml:9:22-107
37
38    <application
38-->src\main\AndroidManifest.xml:15:3-34:17
39        android:name="com.social.socialapp.MainApplication"
39-->src\main\AndroidManifest.xml:15:16-47
40        android:allowBackup="true"
40-->src\main\AndroidManifest.xml:15:162-188
41        android:appComponentFactory="androidx.core.app.CoreComponentFactory"
41-->[androidx.core:core:1.3.0] AndroidManifest.xml:24:18-86
42        android:icon="@mipmap/ic_launcher"
42-->src\main\AndroidManifest.xml:15:81-115
43        android:label="@string/app_name"
43-->src\main\AndroidManifest.xml:15:48-80
44        android:roundIcon="@mipmap/ic_launcher_round"
44-->src\main\AndroidManifest.xml:15:116-161
45        android:theme="@style/AppTheme"
45-->src\main\AndroidManifest.xml:15:189-220
46        android:usesCleartextTraffic="true" >
46-->src\main\AndroidManifest.xml:15:221-256
47        <meta-data
47-->src\main\AndroidManifest.xml:16:5-82
48            android:name="expo.modules.updates.ENABLED"
48-->src\main\AndroidManifest.xml:16:16-59
49            android:value="true" />
49-->src\main\AndroidManifest.xml:16:60-80
50        <meta-data
50-->src\main\AndroidManifest.xml:17:5-93
51            android:name="expo.modules.updates.EXPO_SDK_VERSION"
51-->src\main\AndroidManifest.xml:17:16-68
52            android:value="43.0.0" />
52-->src\main\AndroidManifest.xml:17:69-91
53        <meta-data
53-->src\main\AndroidManifest.xml:18:5-105
54            android:name="expo.modules.updates.EXPO_UPDATES_CHECK_ON_LAUNCH"
54-->src\main\AndroidManifest.xml:18:16-80
55            android:value="ALWAYS" />
55-->src\main\AndroidManifest.xml:18:81-103
56        <meta-data
56-->src\main\AndroidManifest.xml:19:5-99
57            android:name="expo.modules.updates.EXPO_UPDATES_LAUNCH_WAIT_MS"
57-->src\main\AndroidManifest.xml:19:16-79
58            android:value="0" />
58-->src\main\AndroidManifest.xml:19:80-97
59        <meta-data
59-->src\main\AndroidManifest.xml:20:5-129
60            android:name="expo.modules.updates.EXPO_UPDATE_URL"
60-->src\main\AndroidManifest.xml:20:16-67
61            android:value="https://exp.host/@venkatkumar1810/socialapp" />
61-->src\main\AndroidManifest.xml:20:68-127
62
63        <activity
63-->src\main\AndroidManifest.xml:21:5-32:16
64            android:name="com.social.socialapp.MainActivity"
64-->src\main\AndroidManifest.xml:21:15-43
65            android:configChanges="keyboard|keyboardHidden|orientation|screenSize|uiMode"
65-->src\main\AndroidManifest.xml:21:77-154
66            android:label="@string/app_name"
66-->src\main\AndroidManifest.xml:21:44-76
67            android:launchMode="singleTask"
67-->src\main\AndroidManifest.xml:21:155-186
68            android:screenOrientation="portrait"
68-->src\main\AndroidManifest.xml:21:276-312
69            android:theme="@style/Theme.App.SplashScreen"
69-->src\main\AndroidManifest.xml:21:230-275
70            android:windowSoftInputMode="adjustResize" >
70-->src\main\AndroidManifest.xml:21:187-229
71            <intent-filter>
71-->src\main\AndroidManifest.xml:22:7-25:23
72                <action android:name="android.intent.action.MAIN" />
72-->src\main\AndroidManifest.xml:23:9-60
72-->src\main\AndroidManifest.xml:23:17-58
73
74                <category android:name="android.intent.category.LAUNCHER" />
74-->src\main\AndroidManifest.xml:24:9-68
74-->src\main\AndroidManifest.xml:24:19-66
75            </intent-filter>
76            <intent-filter>
76-->src\main\AndroidManifest.xml:26:7-31:23
77                <action android:name="android.intent.action.VIEW" />
77-->src\main\AndroidManifest.xml:10:7-58
77-->src\main\AndroidManifest.xml:10:15-56
78
79                <category android:name="android.intent.category.DEFAULT" />
79-->src\main\AndroidManifest.xml:28:9-67
79-->src\main\AndroidManifest.xml:28:19-65
80                <category android:name="android.intent.category.BROWSABLE" />
80-->src\main\AndroidManifest.xml:11:7-67
80-->src\main\AndroidManifest.xml:11:17-65
81
82                <data android:scheme="com.social.socialapp" />
82-->src\main\AndroidManifest.xml:12:7-37
82-->src\main\AndroidManifest.xml:12:13-35
83            </intent-filter>
84        </activity>
85        <activity android:name="com.facebook.react.devsupport.DevSettingsActivity" />
85-->src\main\AndroidManifest.xml:33:5-81
85-->src\main\AndroidManifest.xml:33:15-79
86
87        <meta-data
87-->[:react-native-firebase_app] AndroidManifest.xml:12:9-14:36
88            android:name="app_data_collection_default_enabled"
88-->[:react-native-firebase_app] AndroidManifest.xml:13:13-63
89            android:value="true" />
89-->[:react-native-firebase_app] AndroidManifest.xml:14:13-33
90
91        <service
91-->[:react-native-firebase_app] AndroidManifest.xml:16:9-20:19
92            android:name="com.google.firebase.components.ComponentDiscoveryService"
92-->[:react-native-firebase_app] AndroidManifest.xml:16:18-89
93            android:directBootAware="true"
93-->[com.google.firebase:firebase-common:20.0.0] AndroidManifest.xml:35:13-43
94            android:exported="false" >
94-->[com.google.firebase:firebase-auth:21.0.1] AndroidManifest.xml:76:13-37
95            <meta-data
95-->[:react-native-firebase_app] AndroidManifest.xml:17:13-19:85
96                android:name="com.google.firebase.components:io.invertase.firebase.app.ReactNativeFirebaseAppRegistrar"
96-->[:react-native-firebase_app] AndroidManifest.xml:18:17-120
97                android:value="com.google.firebase.components.ComponentRegistrar" />
97-->[:react-native-firebase_app] AndroidManifest.xml:19:17-82
98            <meta-data
98-->[com.google.firebase:firebase-auth:21.0.1] AndroidManifest.xml:77:13-79:85
99                android:name="com.google.firebase.components:com.google.firebase.auth.FirebaseAuthRegistrar"
99-->[com.google.firebase:firebase-auth:21.0.1] AndroidManifest.xml:78:17-109
100                android:value="com.google.firebase.components.ComponentRegistrar" />
100-->[com.google.firebase:firebase-auth:21.0.1] AndroidManifest.xml:79:17-82
101            <meta-data
101-->[com.google.firebase:firebase-firestore:23.0.4] AndroidManifest.xml:20:13-22:85
102                android:name="com.google.firebase.components:com.google.firebase.firestore.FirestoreRegistrar"
102-->[com.google.firebase:firebase-firestore:23.0.4] AndroidManifest.xml:21:17-111
103                android:value="com.google.firebase.components.ComponentRegistrar" />
103-->[com.google.firebase:firebase-firestore:23.0.4] AndroidManifest.xml:22:17-82
104            <meta-data
104-->[com.google.firebase:firebase-storage:20.0.0] AndroidManifest.xml:33:13-35:85
105                android:name="com.google.firebase.components:com.google.firebase.storage.StorageRegistrar"
105-->[com.google.firebase:firebase-storage:20.0.0] AndroidManifest.xml:34:17-107
106                android:value="com.google.firebase.components.ComponentRegistrar" />
106-->[com.google.firebase:firebase-storage:20.0.0] AndroidManifest.xml:35:17-82
107        </service>
108
109        <provider
109-->[:react-native-firebase_app] AndroidManifest.xml:22:9-26:38
110            android:name="io.invertase.firebase.app.ReactNativeFirebaseAppInitProvider"
110-->[:react-native-firebase_app] AndroidManifest.xml:23:13-88
111            android:authorities="com.social.socialapp.reactnativefirebaseappinitprovider"
111-->[:react-native-firebase_app] AndroidManifest.xml:24:13-86
112            android:exported="false"
112-->[:react-native-firebase_app] AndroidManifest.xml:25:13-37
113            android:initOrder="99" />
113-->[:react-native-firebase_app] AndroidManifest.xml:26:13-35
114        <provider
114-->[:react-native-image-crop-picker] AndroidManifest.xml:19:9-27:20
115            android:name="androidx.core.content.FileProvider"
115-->[:react-native-image-crop-picker] AndroidManifest.xml:20:13-62
116            android:authorities="com.social.socialapp.provider"
116-->[:react-native-image-crop-picker] AndroidManifest.xml:21:13-60
117            android:exported="false"
117-->[:react-native-image-crop-picker] AndroidManifest.xml:22:13-37
118            android:grantUriPermissions="true" >
118-->[:react-native-image-crop-picker] AndroidManifest.xml:23:13-47
119            <meta-data
119-->[:react-native-image-crop-picker] AndroidManifest.xml:24:13-26:58
120                android:name="android.support.FILE_PROVIDER_PATHS"
120-->[:react-native-image-crop-picker] AndroidManifest.xml:25:17-67
121                android:resource="@xml/provider_paths" />
121-->[:react-native-image-crop-picker] AndroidManifest.xml:26:17-55
122        </provider>
123
124        <activity
124-->[:react-native-image-crop-picker] AndroidManifest.xml:29:9-31:72
125            android:name="com.yalantis.ucrop.UCropActivity"
125-->[:react-native-image-crop-picker] AndroidManifest.xml:30:13-60
126            android:theme="@style/Theme.AppCompat.Light.NoActionBar" />
126-->[:react-native-image-crop-picker] AndroidManifest.xml:31:13-69
127
128        <provider
128-->[:expo-file-system] AndroidManifest.xml:25:9-34:20
129            android:name="expo.modules.filesystem.FileSystemFileProvider"
129-->[:expo-file-system] AndroidManifest.xml:26:13-74
130            android:authorities="com.social.socialapp.FileSystemFileProvider"
130-->[:expo-file-system] AndroidManifest.xml:27:13-74
131            android:exported="false"
131-->[:expo-file-system] AndroidManifest.xml:28:13-37
132            android:grantUriPermissions="true" >
132-->[:expo-file-system] AndroidManifest.xml:29:13-47
133            <meta-data
133-->[:react-native-image-crop-picker] AndroidManifest.xml:24:13-26:58
134                android:name="android.support.FILE_PROVIDER_PATHS"
134-->[:react-native-image-crop-picker] AndroidManifest.xml:25:17-67
135                android:resource="@xml/file_system_provider_paths" />
135-->[:react-native-image-crop-picker] AndroidManifest.xml:26:17-55
136        </provider>
137
138        <meta-data
138-->[:expo-modules-core] AndroidManifest.xml:12:9-14:89
139            android:name="org.unimodules.core.AppLoader#react-native-headless"
139-->[:expo-modules-core] AndroidManifest.xml:13:13-79
140            android:value="expo.modules.adapters.react.apploader.RNHeadlessAppLoader" />
140-->[:expo-modules-core] AndroidManifest.xml:14:13-86
141
142        <activity
142-->[com.google.firebase:firebase-auth:21.0.1] AndroidManifest.xml:27:9-44:20
143            android:name="com.google.firebase.auth.internal.GenericIdpActivity"
143-->[com.google.firebase:firebase-auth:21.0.1] AndroidManifest.xml:28:13-80
144            android:excludeFromRecents="true"
144-->[com.google.firebase:firebase-auth:21.0.1] AndroidManifest.xml:29:13-46
145            android:exported="true"
145-->[com.google.firebase:firebase-auth:21.0.1] AndroidManifest.xml:30:13-36
146            android:launchMode="singleTask"
146-->[com.google.firebase:firebase-auth:21.0.1] AndroidManifest.xml:31:13-44
147            android:theme="@android:style/Theme.Translucent.NoTitleBar" >
147-->[com.google.firebase:firebase-auth:21.0.1] AndroidManifest.xml:32:13-72
148            <intent-filter>
148-->[com.google.firebase:firebase-auth:21.0.1] AndroidManifest.xml:33:13-43:29
149                <action android:name="android.intent.action.VIEW" />
149-->src\main\AndroidManifest.xml:10:7-58
149-->src\main\AndroidManifest.xml:10:15-56
150
151                <category android:name="android.intent.category.DEFAULT" />
151-->src\main\AndroidManifest.xml:28:9-67
151-->src\main\AndroidManifest.xml:28:19-65
152                <category android:name="android.intent.category.BROWSABLE" />
152-->src\main\AndroidManifest.xml:11:7-67
152-->src\main\AndroidManifest.xml:11:17-65
153
154                <data
154-->src\main\AndroidManifest.xml:12:7-37
155                    android:host="firebase.auth"
156                    android:path="/"
157                    android:scheme="genericidp" />
157-->src\main\AndroidManifest.xml:12:13-35
158            </intent-filter>
159        </activity>
160        <activity
160-->[com.google.firebase:firebase-auth:21.0.1] AndroidManifest.xml:45:9-62:20
161            android:name="com.google.firebase.auth.internal.RecaptchaActivity"
161-->[com.google.firebase:firebase-auth:21.0.1] AndroidManifest.xml:46:13-79
162            android:excludeFromRecents="true"
162-->[com.google.firebase:firebase-auth:21.0.1] AndroidManifest.xml:47:13-46
163            android:exported="true"
163-->[com.google.firebase:firebase-auth:21.0.1] AndroidManifest.xml:48:13-36
164            android:launchMode="singleTask"
164-->[com.google.firebase:firebase-auth:21.0.1] AndroidManifest.xml:49:13-44
165            android:theme="@android:style/Theme.Translucent.NoTitleBar" >
165-->[com.google.firebase:firebase-auth:21.0.1] AndroidManifest.xml:50:13-72
166            <intent-filter>
166-->[com.google.firebase:firebase-auth:21.0.1] AndroidManifest.xml:51:13-61:29
167                <action android:name="android.intent.action.VIEW" />
167-->src\main\AndroidManifest.xml:10:7-58
167-->src\main\AndroidManifest.xml:10:15-56
168
169                <category android:name="android.intent.category.DEFAULT" />
169-->src\main\AndroidManifest.xml:28:9-67
169-->src\main\AndroidManifest.xml:28:19-65
170                <category android:name="android.intent.category.BROWSABLE" />
170-->src\main\AndroidManifest.xml:11:7-67
170-->src\main\AndroidManifest.xml:11:17-65
171
172                <data
172-->src\main\AndroidManifest.xml:12:7-37
173                    android:host="firebase.auth"
174                    android:path="/"
175                    android:scheme="recaptcha" />
175-->src\main\AndroidManifest.xml:12:13-35
176            </intent-filter>
177        </activity>
178
179        <service
179-->[com.google.firebase:firebase-auth:21.0.1] AndroidManifest.xml:64:9-73:19
180            android:name="com.google.firebase.auth.api.fallback.service.FirebaseAuthFallbackService"
180-->[com.google.firebase:firebase-auth:21.0.1] AndroidManifest.xml:65:13-101
181            android:enabled="true"
181-->[com.google.firebase:firebase-auth:21.0.1] AndroidManifest.xml:66:13-35
182            android:exported="false" >
182-->[com.google.firebase:firebase-auth:21.0.1] AndroidManifest.xml:67:13-37
183            <intent-filter>
183-->[com.google.firebase:firebase-auth:21.0.1] AndroidManifest.xml:68:13-72:29
184                <action android:name="com.google.firebase.auth.api.gms.service.START" />
184-->[com.google.firebase:firebase-auth:21.0.1] AndroidManifest.xml:69:17-89
184-->[com.google.firebase:firebase-auth:21.0.1] AndroidManifest.xml:69:25-86
185
186                <category android:name="android.intent.category.DEFAULT" />
186-->src\main\AndroidManifest.xml:28:9-67
186-->src\main\AndroidManifest.xml:28:19-65
187            </intent-filter>
188        </service>
189
190        <activity
190-->[com.google.android.gms:play-services-auth:19.2.0] AndroidManifest.xml:23:9-27:75
191            android:name="com.google.android.gms.auth.api.signin.internal.SignInHubActivity"
191-->[com.google.android.gms:play-services-auth:19.2.0] AndroidManifest.xml:24:13-93
192            android:excludeFromRecents="true"
192-->[com.google.android.gms:play-services-auth:19.2.0] AndroidManifest.xml:25:13-46
193            android:exported="false"
193-->[com.google.android.gms:play-services-auth:19.2.0] AndroidManifest.xml:26:13-37
194            android:theme="@android:style/Theme.Translucent.NoTitleBar" />
194-->[com.google.android.gms:play-services-auth:19.2.0] AndroidManifest.xml:27:13-72
195        <!--
196            Service handling Google Sign-In user revocation. For apps that do not integrate with
197            Google Sign-In, this service will never be started.
198        -->
199        <service
199-->[com.google.android.gms:play-services-auth:19.2.0] AndroidManifest.xml:33:9-37:51
200            android:name="com.google.android.gms.auth.api.signin.RevocationBoundService"
200-->[com.google.android.gms:play-services-auth:19.2.0] AndroidManifest.xml:34:13-89
201            android:exported="true"
201-->[com.google.android.gms:play-services-auth:19.2.0] AndroidManifest.xml:35:13-36
202            android:permission="com.google.android.gms.auth.api.signin.permission.REVOCATION_NOTIFICATION"
202-->[com.google.android.gms:play-services-auth:19.2.0] AndroidManifest.xml:36:13-107
203            android:visibleToInstantApps="true" />
203-->[com.google.android.gms:play-services-auth:19.2.0] AndroidManifest.xml:37:13-48
204
205        <activity
205-->[com.google.android.gms:play-services-base:17.5.0] AndroidManifest.xml:23:9-26:75
206            android:name="com.google.android.gms.common.api.GoogleApiActivity"
206-->[com.google.android.gms:play-services-base:17.5.0] AndroidManifest.xml:24:13-79
207            android:exported="false"
207-->[com.google.android.gms:play-services-base:17.5.0] AndroidManifest.xml:25:13-37
208            android:theme="@android:style/Theme.Translucent.NoTitleBar" />
208-->[com.google.android.gms:play-services-base:17.5.0] AndroidManifest.xml:26:13-72
209
210        <provider
210-->[com.google.firebase:firebase-common:20.0.0] AndroidManifest.xml:26:9-31:39
211            android:name="com.google.firebase.provider.FirebaseInitProvider"
211-->[com.google.firebase:firebase-common:20.0.0] AndroidManifest.xml:27:13-77
212            android:authorities="com.social.socialapp.firebaseinitprovider"
212-->[com.google.firebase:firebase-common:20.0.0] AndroidManifest.xml:28:13-72
213            android:directBootAware="true"
213-->[com.google.firebase:firebase-common:20.0.0] AndroidManifest.xml:29:13-43
214            android:exported="false"
214-->[com.google.firebase:firebase-common:20.0.0] AndroidManifest.xml:30:13-37
215            android:initOrder="100" />
215-->[com.google.firebase:firebase-common:20.0.0] AndroidManifest.xml:31:13-36
216
217        <meta-data
217-->[com.google.android.gms:play-services-basement:17.5.0] AndroidManifest.xml:23:9-25:69
218            android:name="com.google.android.gms.version"
218-->[com.google.android.gms:play-services-basement:17.5.0] AndroidManifest.xml:24:13-58
219            android:value="@integer/google_play_services_version" />
219-->[com.google.android.gms:play-services-basement:17.5.0] AndroidManifest.xml:25:13-66
220
221        <service
221-->[androidx.room:room-runtime:2.1.0] AndroidManifest.xml:25:9-27:40
222            android:name="androidx.room.MultiInstanceInvalidationService"
222-->[androidx.room:room-runtime:2.1.0] AndroidManifest.xml:26:13-74
223            android:exported="false" />
223-->[androidx.room:room-runtime:2.1.0] AndroidManifest.xml:27:13-37
224    </application>
225
226</manifest>